# JRE version: Java(TM) SE Runtime Environment (8.0_60-b27) (build 1.8.0_60-b27)
# Java VM: Java HotSpot(TM) 64-Bit Server VM (25.60-b23 mixed mode bsd-amd64 compressed oops)
Heap:
 PSYoungGen      total 631296K, used 181038K [0x0000000795580000, 0x00000007be000000, 0x00000007c0000000)
  eden space 605696K, 28% used [0x0000000795580000,0x000000079ff47890,0x00000007ba500000)
  from space 25600K, 28% used [0x00000007bbd80000,0x00000007bc484098,0x00000007bd680000)
  to   space 25088K, 0% used [0x00000007ba500000,0x00000007ba500000,0x00000007bbd80000)
 ParOldGen       total 147968K, used 55317K [0x0000000740000000, 0x0000000749080000, 0x0000000795580000)
  object space 147968K, 37% used [0x0000000740000000,0x00000007436055f8,0x0000000749080000)
 Metaspace       used 63717K, capacity 65192K, committed 65280K, reserved 1107968K
  class space    used 6655K, capacity 6882K, committed 6912K, reserved 1048576K
GC Heap History (10 events):
Event: 18.429 GC heap before
{Heap before GC invocations=13 (full 2):
 PSYoungGen      total 375808K, used 357505K [0x0000000795580000, 0x00000007adf00000, 0x00000007c0000000)
  eden space 358912K, 99% used [0x0000000795580000,0x00000007ab2a0560,0x00000007ab400000)
  from space 16896K, 0% used [0x00000007ac780000,0x00000007ac780000,0x00000007ad800000)
  to   space 19968K, 0% used [0x00000007ab400000,0x00000007ab400000,0x00000007ac780000)
 ParOldGen       total 108032K, used 32558K [0x0000000740000000, 0x0000000746980000, 0x0000000795580000)
  object space 108032K, 30% used [0x0000000740000000,0x0000000741fcb898,0x0000000746980000)
 Metaspace       used 43792K, capacity 44302K, committed 44672K, reserved 1089536K
  class space    used 5071K, capacity 5177K, committed 5248K, reserved 1048576K
Event: 18.469 GC heap after
Heap after GC invocations=13 (full 2):
 PSYoungGen      total 378880K, used 16087K [0x0000000795580000, 0x00000007b4300000, 0x00000007c0000000)
  eden space 358912K, 0% used [0x0000000795580000,0x0000000795580000,0x00000007ab400000)
  from space 19968K, 80% used [0x00000007ab400000,0x00000007ac3b5d30,0x00000007ac780000)
  to   space 20992K, 0% used [0x00000007b2e80000,0x00000007b2e80000,0x00000007b4300000)
 ParOldGen       total 108032K, used 32566K [0x0000000740000000, 0x0000000746980000, 0x0000000795580000)
  object space 108032K, 30% used [0x0000000740000000,0x0000000741fcd898,0x0000000746980000)
 Metaspace       used 43792K, capacity 44302K, committed 44672K, reserved 1089536K
  class space    used 5071K, capacity 5177K, committed 5248K, reserved 1048576K
}
Event: 79.340 GC heap before
{Heap before GC invocations=14 (full 2):
 PSYoungGen      total 378880K, used 374999K [0x0000000795580000, 0x00000007b4300000, 0x00000007c0000000)
  eden space 358912K, 100% used [0x0000000795580000,0x00000007ab400000,0x00000007ab400000)
  from space 19968K, 80% used [0x00000007ab400000,0x00000007ac3b5d30,0x00000007ac780000)
  to   space 20992K, 0% used [0x00000007b2e80000,0x00000007b2e80000,0x00000007b4300000)
 ParOldGen       total 108032K, used 32566K [0x0000000740000000, 0x0000000746980000, 0x0000000795580000)
  object space 108032K, 30% used [0x0000000740000000,0x0000000741fcd898,0x0000000746980000)
 Metaspace       used 53780K, capacity 54550K, committed 54912K, reserved 1097728K
  class space    used 5999K, capacity 6169K, committed 6272K, reserved 1048576K
Event: 79.449 GC heap after
Heap after GC invocations=14 (full 2):
 PSYoungGen      total 470528K, used 20074K [0x0000000795580000, 0x00000007b4280000, 0x00000007c0000000)
  eden space 450048K, 0% used [0x0000000795580000,0x0000000795580000,0x00000007b0d00000)
  from space 20480K, 98% used [0x00000007b2e80000,0x00000007b421aac0,0x00000007b4280000)
  to   space 23552K, 0% used [0x00000007b1480000,0x00000007b1480000,0x00000007b2b80000)
 ParOldGen       total 108032K, used 41883K [0x0000000740000000, 0x0000000746980000, 0x0000000795580000)
  object space 108032K, 38% used [0x0000000740000000,0x00000007428e6f60,0x0000000746980000)
 Metaspace       used 53780K, capacity 54550K, committed 54912K, reserved 1097728K
  class space    used 5999K, capacity 6169K, committed 6272K, reserved 1048576K
}
Event: 80.102 GC heap before
{Heap before GC invocations=15 (full 2):
 PSYoungGen      total 470528K, used 108260K [0x0000000795580000, 0x00000007b4280000, 0x00000007c0000000)
  eden space 450048K, 19% used [0x0000000795580000,0x000000079ab9e740,0x00000007b0d00000)
  from space 20480K, 98% used [0x00000007b2e80000,0x00000007b421aac0,0x00000007b4280000)
  to   space 23552K, 0% used [0x00000007b1480000,0x00000007b1480000,0x00000007b2b80000)
 ParOldGen       total 108032K, used 41883K [0x0000000740000000, 0x0000000746980000, 0x0000000795580000)
  object space 108032K, 38% used [0x0000000740000000,0x00000007428e6f60,0x0000000746980000)
 Metaspace       used 58143K, capacity 58870K, committed 59096K, reserved 1101824K
  class space    used 6298K, capacity 6457K, committed 6528K, reserved 1048576K
Event: 80.139 GC heap after
Heap after GC invocations=15 (full 2):
 PSYoungGen      total 481280K, used 20089K [0x0000000795580000, 0x00000007bd680000, 0x00000007c0000000)
  eden space 457728K, 0% used [0x0000000795580000,0x0000000795580000,0x00000007b1480000)
  from space 23552K, 85% used [0x00000007b1480000,0x00000007b281e438,0x00000007b2b80000)
  to   space 25600K, 0% used [0x00000007bbd80000,0x00000007bbd80000,0x00000007bd680000)
 ParOldGen       total 108032K, used 41891K [0x0000000740000000, 0x0000000746980000, 0x0000000795580000)
  object space 108032K, 38% used [0x0000000740000000,0x00000007428e8f60,0x0000000746980000)
 Metaspace       used 58143K, capacity 58870K, committed 59096K, reserved 1101824K
  class space    used 6298K, capacity 6457K, committed 6528K, reserved 1048576K
}
Event: 80.139 GC heap before
{Heap before GC invocations=16 (full 3):
 PSYoungGen      total 481280K, used 20089K [0x0000000795580000, 0x00000007bd680000, 0x00000007c0000000)
  eden space 457728K, 0% used [0x0000000795580000,0x0000000795580000,0x00000007b1480000)
  from space 23552K, 85% used [0x00000007b1480000,0x00000007b281e438,0x00000007b2b80000)
  to   space 25600K, 0% used [0x00000007bbd80000,0x00000007bbd80000,0x00000007bd680000)
 ParOldGen       total 108032K, used 41891K [0x0000000740000000, 0x0000000746980000, 0x0000000795580000)
  object space 108032K, 38% used [0x0000000740000000,0x00000007428e8f60,0x0000000746980000)
 Metaspace       used 58143K, capacity 58870K, committed 59096K, reserved 1101824K
  class space    used 6298K, capacity 6457K, committed 6528K, reserved 1048576K
Event: 80.405 GC heap after
Heap after GC invocations=16 (full 3):
 PSYoungGen      total 481280K, used 0K [0x0000000795580000, 0x00000007bd680000, 0x00000007c0000000)
  eden space 457728K, 0% used [0x0000000795580000,0x0000000795580000,0x00000007b1480000)
  from space 23552K, 0% used [0x00000007b1480000,0x00000007b1480000,0x00000007b2b80000)
  to   space 25600K, 0% used [0x00000007bbd80000,0x00000007bbd80000,0x00000007bd680000)
 ParOldGen       total 147968K, used 55309K [0x0000000740000000, 0x0000000749080000, 0x0000000795580000)
  object space 147968K, 37% used [0x0000000740000000,0x00000007436035f8,0x0000000749080000)
 Metaspace       used 58143K, capacity 58870K, committed 59096K, reserved 1101824K
  class space    used 6298K, capacity 6457K, committed 6528K, reserved 1048576K
}
Event: 224.397 GC heap before
{Heap before GC invocations=17 (full 3):
 PSYoungGen      total 481280K, used 457728K [0x0000000795580000, 0x00000007bd680000, 0x00000007c0000000)
  eden space 457728K, 100% used [0x0000000795580000,0x00000007b1480000,0x00000007b1480000)
  from space 23552K, 0% used [0x00000007b1480000,0x00000007b1480000,0x00000007b2b80000)
  to   space 25600K, 0% used [0x00000007bbd80000,0x00000007bbd80000,0x00000007bd680000)
 ParOldGen       total 147968K, used 55309K [0x0000000740000000, 0x0000000749080000, 0x0000000795580000)
  object space 147968K, 37% used [0x0000000740000000,0x00000007436035f8,0x0000000749080000)
 Metaspace       used 63009K, capacity 64360K, committed 64512K, reserved 1107968K
  class space    used 6639K, capacity 6870K, committed 6912K, reserved 1048576K
Event: 224.435 GC heap after
Heap after GC invocations=17 (full 3):
 PSYoungGen      total 631296K, used 7184K [0x0000000795580000, 0x00000007be000000, 0x00000007c0000000)
  eden space 605696K, 0% used [0x0000000795580000,0x0000000795580000,0x00000007ba500000)
  from space 25600K, 28% used [0x00000007bbd80000,0x00000007bc484098,0x00000007bd680000)
  to   space 25088K, 0% used [0x00000007ba500000,0x00000007ba500000,0x00000007bbd80000)
 ParOldGen       total 147968K, used 55317K [0x0000000740000000, 0x0000000749080000, 0x0000000795580000)
  object space 147968K, 37% used [0x0000000740000000,0x00000007436055f8,0x0000000749080000)
 Metaspace       used 63009K, capacity 64360K, committed 64512K, reserved 1107968K
  class space    used 6639K, capacity 6870K, committed 6912K, reserved 1048576K
}

