# JRE version: Java(TM) SE Runtime Environment (8.0_60-b27) (build 1.8.0_60-b27)
# Java VM: Java HotSpot(TM) 64-Bit Server VM (25.60-b23 mixed mode bsd-amd64 compressed oops)
Heap:
 PSYoungGen      total 589824K, used 371911K [0x0000000795580000, 0x00000007bbf00000, 0x00000007c0000000)
  eden space 580096K, 62% used [0x0000000795580000,0x00000007ab96ebd8,0x00000007b8c00000)
  from space 9728K, 76% used [0x00000007bb580000,0x00000007bbcc3310,0x00000007bbf00000)
  to   space 26112K, 0% used [0x00000007b8c00000,0x00000007b8c00000,0x00000007ba580000)
 ParOldGen       total 158208K, used 55554K [0x0000000740000000, 0x0000000749a80000, 0x0000000795580000)
  object space 158208K, 35% used [0x0000000740000000,0x0000000743640b28,0x0000000749a80000)
 Metaspace       used 64064K, capacity 65588K, committed 65792K, reserved 1107968K
  class space    used 6650K, capacity 6885K, committed 6912K, reserved 1048576K
GC Heap History (10 events):
Event: 18.699 GC heap before
{Heap before GC invocations=13 (full 2):
 PSYoungGen      total 369152K, used 352256K [0x0000000795580000, 0x00000007ada00000, 0x00000007c0000000)
  eden space 352256K, 100% used [0x0000000795580000,0x00000007aad80000,0x00000007aad80000)
  from space 16896K, 0% used [0x00000007ac100000,0x00000007ac100000,0x00000007ad180000)
  to   space 19968K, 0% used [0x00000007aad80000,0x00000007aad80000,0x00000007ac100000)
 ParOldGen       total 109568K, used 32587K [0x0000000740000000, 0x0000000746b00000, 0x0000000795580000)
  object space 109568K, 29% used [0x0000000740000000,0x0000000741fd2ea0,0x0000000746b00000)
 Metaspace       used 43774K, capacity 44302K, committed 44672K, reserved 1089536K
  class space    used 5068K, capacity 5177K, committed 5248K, reserved 1048576K
Event: 18.741 GC heap after
Heap after GC invocations=13 (full 2):
 PSYoungGen      total 372224K, used 16083K [0x0000000795580000, 0x00000007b3600000, 0x00000007c0000000)
  eden space 352256K, 0% used [0x0000000795580000,0x0000000795580000,0x00000007aad80000)
  from space 19968K, 80% used [0x00000007aad80000,0x00000007abd34c70,0x00000007ac100000)
  to   space 20992K, 0% used [0x00000007b2180000,0x00000007b2180000,0x00000007b3600000)
 ParOldGen       total 109568K, used 32595K [0x0000000740000000, 0x0000000746b00000, 0x0000000795580000)
  object space 109568K, 29% used [0x0000000740000000,0x0000000741fd4ea0,0x0000000746b00000)
 Metaspace       used 43774K, capacity 44302K, committed 44672K, reserved 1089536K
  class space    used 5068K, capacity 5177K, committed 5248K, reserved 1048576K
}
Event: 26.480 GC heap before
{Heap before GC invocations=14 (full 2):
 PSYoungGen      total 372224K, used 368339K [0x0000000795580000, 0x00000007b3600000, 0x00000007c0000000)
  eden space 352256K, 100% used [0x0000000795580000,0x00000007aad80000,0x00000007aad80000)
  from space 19968K, 80% used [0x00000007aad80000,0x00000007abd34c70,0x00000007ac100000)
  to   space 20992K, 0% used [0x00000007b2180000,0x00000007b2180000,0x00000007b3600000)
 ParOldGen       total 109568K, used 32595K [0x0000000740000000, 0x0000000746b00000, 0x0000000795580000)
  object space 109568K, 29% used [0x0000000740000000,0x0000000741fd4ea0,0x0000000746b00000)
 Metaspace       used 53551K, capacity 54326K, committed 54528K, reserved 1097728K
  class space    used 5977K, capacity 6137K, committed 6144K, reserved 1048576K
Event: 26.552 GC heap after
Heap after GC invocations=14 (full 2):
 PSYoungGen      total 464896K, used 20962K [0x0000000795580000, 0x00000007b3c00000, 0x00000007c0000000)
  eden space 443904K, 0% used [0x0000000795580000,0x0000000795580000,0x00000007b0700000)
  from space 20992K, 99% used [0x00000007b2180000,0x00000007b35f88a8,0x00000007b3600000)
  to   space 27136K, 0% used [0x00000007b0700000,0x00000007b0700000,0x00000007b2180000)
 ParOldGen       total 109568K, used 40491K [0x0000000740000000, 0x0000000746b00000, 0x0000000795580000)
  object space 109568K, 36% used [0x0000000740000000,0x000000074278adb0,0x0000000746b00000)
 Metaspace       used 53551K, capacity 54326K, committed 54528K, reserved 1097728K
  class space    used 5977K, capacity 6137K, committed 6144K, reserved 1048576K
}
Event: 27.448 GC heap before
{Heap before GC invocations=15 (full 2):
 PSYoungGen      total 464896K, used 112797K [0x0000000795580000, 0x00000007b3c00000, 0x00000007c0000000)
  eden space 443904K, 20% used [0x0000000795580000,0x000000079af2eb80,0x00000007b0700000)
  from space 20992K, 99% used [0x00000007b2180000,0x00000007b35f88a8,0x00000007b3600000)
  to   space 27136K, 0% used [0x00000007b0700000,0x00000007b0700000,0x00000007b2180000)
 ParOldGen       total 109568K, used 40491K [0x0000000740000000, 0x0000000746b00000, 0x0000000795580000)
  object space 109568K, 36% used [0x0000000740000000,0x000000074278adb0,0x0000000746b00000)
 Metaspace       used 58148K, capacity 58870K, committed 59096K, reserved 1101824K
  class space    used 6295K, capacity 6457K, committed 6528K, reserved 1048576K
Event: 27.502 GC heap after
Heap after GC invocations=15 (full 2):
 PSYoungGen      total 471040K, used 5394K [0x0000000795580000, 0x00000007bcf80000, 0x00000007c0000000)
  eden space 443904K, 0% used [0x0000000795580000,0x0000000795580000,0x00000007b0700000)
  from space 27136K, 19% used [0x00000007b0700000,0x00000007b0c44800,0x00000007b2180000)
  to   space 26624K, 0% used [0x00000007bb580000,0x00000007bb580000,0x00000007bcf80000)
 ParOldGen       total 109568K, used 61298K [0x0000000740000000, 0x0000000746b00000, 0x0000000795580000)
  object space 109568K, 55% used [0x0000000740000000,0x0000000743bdca60,0x0000000746b00000)
 Metaspace       used 58148K, capacity 58870K, committed 59096K, reserved 1101824K
  class space    used 6295K, capacity 6457K, committed 6528K, reserved 1048576K
}
Event: 27.502 GC heap before
{Heap before GC invocations=16 (full 3):
 PSYoungGen      total 471040K, used 5394K [0x0000000795580000, 0x00000007bcf80000, 0x00000007c0000000)
  eden space 443904K, 0% used [0x0000000795580000,0x0000000795580000,0x00000007b0700000)
  from space 27136K, 19% used [0x00000007b0700000,0x00000007b0c44800,0x00000007b2180000)
  to   space 26624K, 0% used [0x00000007bb580000,0x00000007bb580000,0x00000007bcf80000)
 ParOldGen       total 109568K, used 61298K [0x0000000740000000, 0x0000000746b00000, 0x0000000795580000)
  object space 109568K, 55% used [0x0000000740000000,0x0000000743bdca60,0x0000000746b00000)
 Metaspace       used 58148K, capacity 58870K, committed 59096K, reserved 1101824K
  class space    used 6295K, capacity 6457K, committed 6528K, reserved 1048576K
Event: 27.773 GC heap after
Heap after GC invocations=16 (full 3):
 PSYoungGen      total 471040K, used 0K [0x0000000795580000, 0x00000007bcf80000, 0x00000007c0000000)
  eden space 443904K, 0% used [0x0000000795580000,0x0000000795580000,0x00000007b0700000)
  from space 27136K, 0% used [0x00000007b0700000,0x00000007b0700000,0x00000007b2180000)
  to   space 26624K, 0% used [0x00000007bb580000,0x00000007bb580000,0x00000007bcf80000)
 ParOldGen       total 158208K, used 55546K [0x0000000740000000, 0x0000000749a80000, 0x0000000795580000)
  object space 158208K, 35% used [0x0000000740000000,0x000000074363eb28,0x0000000749a80000)
 Metaspace       used 58148K, capacity 58870K, committed 59096K, reserved 1101824K
  class space    used 6295K, capacity 6457K, committed 6528K, reserved 1048576K
}
Event: 367.903 GC heap before
{Heap before GC invocations=17 (full 3):
 PSYoungGen      total 471040K, used 443904K [0x0000000795580000, 0x00000007bcf80000, 0x00000007c0000000)
  eden space 443904K, 100% used [0x0000000795580000,0x00000007b0700000,0x00000007b0700000)
  from space 27136K, 0% used [0x00000007b0700000,0x00000007b0700000,0x00000007b2180000)
  to   space 26624K, 0% used [0x00000007bb580000,0x00000007bb580000,0x00000007bcf80000)
 ParOldGen       total 158208K, used 55546K [0x0000000740000000, 0x0000000749a80000, 0x0000000795580000)
  object space 158208K, 35% used [0x0000000740000000,0x000000074363eb28,0x0000000749a80000)
 Metaspace       used 62854K, capacity 64348K, committed 64512K, reserved 1107968K
  class space    used 6642K, capacity 6880K, committed 6912K, reserved 1048576K
Event: 367.972 GC heap after
Heap after GC invocations=17 (full 3):
 PSYoungGen      total 589824K, used 7436K [0x0000000795580000, 0x00000007bbf00000, 0x00000007c0000000)
  eden space 580096K, 0% used [0x0000000795580000,0x0000000795580000,0x00000007b8c00000)
  from space 9728K, 76% used [0x00000007bb580000,0x00000007bbcc3310,0x00000007bbf00000)
  to   space 26112K, 0% used [0x00000007b8c00000,0x00000007b8c00000,0x00000007ba580000)
 ParOldGen       total 158208K, used 55554K [0x0000000740000000, 0x0000000749a80000, 0x0000000795580000)
  object space 158208K, 35% used [0x0000000740000000,0x0000000743640b28,0x0000000749a80000)
 Metaspace       used 62854K, capacity 64348K, committed 64512K, reserved 1107968K
  class space    used 6642K, capacity 6880K, committed 6912K, reserved 1048576K
}

